C:\Program Files\Microsoft Visual Studio\2022\Community\MSBuild\Microsoft\VC\v170\Microsoft.CppBuild.targets(514,5): warning MSB8028: O diretório intermediário (x64\Debug\) contém arquivos compartilhados de outro projeto (Zombies.txt.vcxproj). Isso pode levar a um comportamento incorreto de limpeza e recompilação.
  Zombies.cpp
C:\Users\MEU PC\source\repos\Zombies.txt\Zombies.txt\Arma.h(56,62): warning C4244: 'argumento': conversão de '_Rep' para 'unsigned int', possível perda de dados
          with
          [
              _Rep=std::chrono::system_clock::rep
          ]
C:\Users\MEU PC\source\repos\Zombies.txt\Zombies.txt\Personagem.h(105,1): warning C4267: 'return': conversão de 'size_t' para 'int', possível perda de dados
C:\Users\MEU PC\source\repos\Zombies.txt\Zombies.txt\Mobilia.h(43,62): warning C4244: 'argumento': conversão de '_Rep' para 'unsigned int', possível perda de dados
          with
          [
              _Rep=std::chrono::system_clock::rep
          ]
C:\Users\MEU PC\source\repos\Zombies.txt\Zombies.txt\Mobilia.h(76,61): warning C4244: 'argumento': conversão de '_Rep' para 'unsigned int', possível perda de dados
          with
          [
              _Rep=std::chrono::system_clock::rep
          ]
C:\Users\MEU PC\source\repos\Zombies.txt\Zombies.txt\Mobilia.h(78,62): warning C4244: 'argumento': conversão de '_Rep' para 'unsigned int', possível perda de dados
          with
          [
              _Rep=std::chrono::system_clock::rep
          ]
C:\Users\MEU PC\source\repos\Zombies.txt\Zombies.txt\Zumbi.h(79,61): warning C4244: 'argumento': conversão de '_Rep' para 'unsigned int', possível perda de dados
          with
          [
              _Rep=std::chrono::system_clock::rep
          ]
C:\Users\MEU PC\source\repos\Zombies.txt\Zombies.txt\Mapa.h(36,64): warning C4244: 'argumento': conversão de '_Rep' para 'unsigned int', possível perda de dados
          with
          [
              _Rep=std::chrono::system_clock::rep
          ]
C:\Users\MEU PC\source\repos\Zombies.txt\Zombies.txt\Cenario.h(49,61): warning C4244: 'argumento': conversão de '_Rep' para 'unsigned int', possível perda de dados
          with
          [
              _Rep=std::chrono::system_clock::rep
          ]
C:\Users\MEU PC\source\repos\Zombies.txt\Zombies.txt\Cenario.h(195): warning C4715: 'Cenario::selecionarZumbi': nem todos os caminhos de controle retornam um valor
  Zombies.txt.vcxproj -> C:\Users\MEU PC\source\repos\Zombies.txt\x64\Debug\Zombies.exe
